<?xml version="1.0" encoding="UTF-8"?>
<testsuites>
  <testsuite name="/home/runner/work/laravel-evolution-client/laravel-evolution-client/phpunit.xml.dist" tests="124" assertions="301" errors="0" failures="0" skipped="0" time="0.300529">
    <testsuite name="Evolution Laravel Client Unit Tests" tests="119" assertions="283" errors="0" failures="0" skipped="0" time="0.230940">
      <testsuite name="SamuelTerra22\LaravelEvolutionClient\Tests\Unit\Resources\TemplateResourceTest" file="Template Resource (SamuelTerra22\LaravelEvolutionClient\Tests\Unit\Resources\TemplateResource)" tests="2" assertions="4" errors="0" failures="0" skipped="0" time="0.007303">
        <testcase name="It can create template" file="Template Resource (SamuelTerra22\LaravelEvolutionClient\Tests\Unit\Resources\TemplateResource)::It can create template" class="SamuelTerra22\LaravelEvolutionClient\Tests\Unit\Resources\TemplateResourceTest" classname="SamuelTerra22.LaravelEvolutionClient.Tests.Unit.Resources.TemplateResourceTest" assertions="2" time="0.006805"/>
        <testcase name="It can find templates" file="Template Resource (SamuelTerra22\LaravelEvolutionClient\Tests\Unit\Resources\TemplateResource)::It can find templates" class="SamuelTerra22\LaravelEvolutionClient\Tests\Unit\Resources\TemplateResourceTest" classname="SamuelTerra22.LaravelEvolutionClient.Tests.Unit.Resources.TemplateResourceTest" assertions="2" time="0.000498"/>
      </testsuite>
      <testsuite name="SamuelTerra22\LaravelEvolutionClient\Tests\Unit\Resources\InstanceResourceTest" file="Instance Resource (SamuelTerra22\LaravelEvolutionClient\Tests\Unit\Resources\InstanceResource)" tests="14" assertions="24" errors="0" failures="0" skipped="0" time="0.010300">
        <testcase name="It can set webhook" file="Instance Resource (SamuelTerra22\LaravelEvolutionClient\Tests\Unit\Resources\InstanceResource)::It can set webhook" class="SamuelTerra22\LaravelEvolutionClient\Tests\Unit\Resources\InstanceResourceTest" classname="SamuelTerra22.LaravelEvolutionClient.Tests.Unit.Resources.InstanceResourceTest" assertions="2" time="0.004620"/>
        <testcase name="It can set instance name" file="Instance Resource (SamuelTerra22\LaravelEvolutionClient\Tests\Unit\Resources\InstanceResource)::It can set instance name" class="SamuelTerra22\LaravelEvolutionClient\Tests\Unit\Resources\InstanceResourceTest" classname="SamuelTerra22.LaravelEvolutionClient.Tests.Unit.Resources.InstanceResourceTest" assertions="1" time="0.000392"/>
        <testcase name="It can disconnect" file="Instance Resource (SamuelTerra22\LaravelEvolutionClient\Tests\Unit\Resources\InstanceResource)::It can disconnect" class="SamuelTerra22\LaravelEvolutionClient\Tests\Unit\Resources\InstanceResourceTest" classname="SamuelTerra22.LaravelEvolutionClient.Tests.Unit.Resources.InstanceResourceTest" assertions="2" time="0.000434"/>
        <testcase name="It returns false when not connected" file="Instance Resource (SamuelTerra22\LaravelEvolutionClient\Tests\Unit\Resources\InstanceResource)::It returns false when not connected" class="SamuelTerra22\LaravelEvolutionClient\Tests\Unit\Resources\InstanceResourceTest" classname="SamuelTerra22.LaravelEvolutionClient.Tests.Unit.Resources.InstanceResourceTest" assertions="1" time="0.000503"/>
        <testcase name="It can check if instance is connected" file="Instance Resource (SamuelTerra22\LaravelEvolutionClient\Tests\Unit\Resources\InstanceResource)::It can check if instance is connected" class="SamuelTerra22\LaravelEvolutionClient\Tests\Unit\Resources\InstanceResourceTest" classname="SamuelTerra22.LaravelEvolutionClient.Tests.Unit.Resources.InstanceResourceTest" assertions="1" time="0.000483"/>
        <testcase name="It returns false when status is missing" file="Instance Resource (SamuelTerra22\LaravelEvolutionClient\Tests\Unit\Resources\InstanceResource)::It returns false when status is missing" class="SamuelTerra22\LaravelEvolutionClient\Tests\Unit\Resources\InstanceResourceTest" classname="SamuelTerra22.LaravelEvolutionClient.Tests.Unit.Resources.InstanceResourceTest" assertions="1" time="0.000449"/>
        <testcase name="It can set webhook without events" file="Instance Resource (SamuelTerra22\LaravelEvolutionClient\Tests\Unit\Resources\InstanceResource)::It can set webhook without events" class="SamuelTerra22\LaravelEvolutionClient\Tests\Unit\Resources\InstanceResourceTest" classname="SamuelTerra22.LaravelEvolutionClient.Tests.Unit.Resources.InstanceResourceTest" assertions="2" time="0.000398"/>
        <testcase name="It can get status" file="Instance Resource (SamuelTerra22\LaravelEvolutionClient\Tests\Unit\Resources\InstanceResource)::It can get status" class="SamuelTerra22\LaravelEvolutionClient\Tests\Unit\Resources\InstanceResourceTest" classname="SamuelTerra22.LaravelEvolutionClient.Tests.Unit.Resources.InstanceResourceTest" assertions="2" time="0.000449"/>
        <testcase name="It can get instance name" file="Instance Resource (SamuelTerra22\LaravelEvolutionClient\Tests\Unit\Resources\InstanceResource)::It can get instance name" class="SamuelTerra22\LaravelEvolutionClient\Tests\Unit\Resources\InstanceResourceTest" classname="SamuelTerra22.LaravelEvolutionClient.Tests.Unit.Resources.InstanceResourceTest" assertions="1" time="0.000341"/>
        <testcase name="It can set webhook with empty events" file="Instance Resource (SamuelTerra22\LaravelEvolutionClient\Tests\Unit\Resources\InstanceResource)::It can set webhook with empty events" class="SamuelTerra22\LaravelEvolutionClient\Tests\Unit\Resources\InstanceResourceTest" classname="SamuelTerra22.LaravelEvolutionClient.Tests.Unit.Resources.InstanceResourceTest" assertions="2" time="0.000421"/>
        <testcase name="It can restart instance" file="Instance Resource (SamuelTerra22\LaravelEvolutionClient\Tests\Unit\Resources\InstanceResource)::It can restart instance" class="SamuelTerra22\LaravelEvolutionClient\Tests\Unit\Resources\InstanceResourceTest" classname="SamuelTerra22.LaravelEvolutionClient.Tests.Unit.Resources.InstanceResourceTest" assertions="2" time="0.000398"/>
        <testcase name="It can connect" file="Instance Resource (SamuelTerra22\LaravelEvolutionClient\Tests\Unit\Resources\InstanceResource)::It can connect" class="SamuelTerra22\LaravelEvolutionClient\Tests\Unit\Resources\InstanceResourceTest" classname="SamuelTerra22.LaravelEvolutionClient.Tests.Unit.Resources.InstanceResourceTest" assertions="2" time="0.000400"/>
        <testcase name="It can get qr code" file="Instance Resource (SamuelTerra22\LaravelEvolutionClient\Tests\Unit\Resources\InstanceResource)::It can get qr code" class="SamuelTerra22\LaravelEvolutionClient\Tests\Unit\Resources\InstanceResourceTest" classname="SamuelTerra22.LaravelEvolutionClient.Tests.Unit.Resources.InstanceResourceTest" assertions="3" time="0.000563"/>
        <testcase name="It can delete instance" file="Instance Resource (SamuelTerra22\LaravelEvolutionClient\Tests\Unit\Resources\InstanceResource)::It can delete instance" class="SamuelTerra22\LaravelEvolutionClient\Tests\Unit\Resources\InstanceResourceTest" classname="SamuelTerra22.LaravelEvolutionClient.Tests.Unit.Resources.InstanceResourceTest" assertions="2" time="0.000449"/>
      </testsuite>
      <testsuite name="SamuelTerra22\LaravelEvolutionClient\Tests\Unit\Resources\LabelResourceTest" file="Label Resource (SamuelTerra22\LaravelEvolutionClient\Tests\Unit\Resources\LabelResource)" tests="12" assertions="25" errors="0" failures="0" skipped="0" time="0.014660">
        <testcase name="It can add label" file="Label Resource (SamuelTerra22\LaravelEvolutionClient\Tests\Unit\Resources\LabelResource)::It can add label" class="SamuelTerra22\LaravelEvolutionClient\Tests\Unit\Resources\LabelResourceTest" classname="SamuelTerra22.LaravelEvolutionClient.Tests.Unit.Resources.LabelResourceTest" assertions="2" time="0.008898"/>
        <testcase name="It can handle label" file="Label Resource (SamuelTerra22\LaravelEvolutionClient\Tests\Unit\Resources\LabelResource)::It can handle label" class="SamuelTerra22\LaravelEvolutionClient\Tests\Unit\Resources\LabelResourceTest" classname="SamuelTerra22.LaravelEvolutionClient.Tests.Unit.Resources.LabelResourceTest" assertions="2" time="0.000417"/>
        <testcase name="It can add label with formatted phone number" file="Label Resource (SamuelTerra22\LaravelEvolutionClient\Tests\Unit\Resources\LabelResource)::It can add label with formatted phone number" class="SamuelTerra22\LaravelEvolutionClient\Tests\Unit\Resources\LabelResourceTest" classname="SamuelTerra22.LaravelEvolutionClient.Tests.Unit.Resources.LabelResourceTest" assertions="2" time="0.000384"/>
        <testcase name="It can remove label" file="Label Resource (SamuelTerra22\LaravelEvolutionClient\Tests\Unit\Resources\LabelResource)::It can remove label" class="SamuelTerra22\LaravelEvolutionClient\Tests\Unit\Resources\LabelResourceTest" classname="SamuelTerra22.LaravelEvolutionClient.Tests.Unit.Resources.LabelResourceTest" assertions="2" time="0.000365"/>
        <testcase name="It can find labels" file="Label Resource (SamuelTerra22\LaravelEvolutionClient\Tests\Unit\Resources\LabelResource)::It can find labels" class="SamuelTerra22\LaravelEvolutionClient\Tests\Unit\Resources\LabelResourceTest" classname="SamuelTerra22.LaravelEvolutionClient.Tests.Unit.Resources.LabelResourceTest" assertions="3" time="0.000621"/>
        <testcase name="It can remove label with empty label id" file="Label Resource (SamuelTerra22\LaravelEvolutionClient\Tests\Unit\Resources\LabelResource)::It can remove label with empty label id" class="SamuelTerra22\LaravelEvolutionClient\Tests\Unit\Resources\LabelResourceTest" classname="SamuelTerra22.LaravelEvolutionClient.Tests.Unit.Resources.LabelResourceTest" assertions="2" time="0.000642"/>
        <testcase name="It can handle label remove action" file="Label Resource (SamuelTerra22\LaravelEvolutionClient\Tests\Unit\Resources\LabelResource)::It can handle label remove action" class="SamuelTerra22\LaravelEvolutionClient\Tests\Unit\Resources\LabelResourceTest" classname="SamuelTerra22.LaravelEvolutionClient.Tests.Unit.Resources.LabelResourceTest" assertions="2" time="0.000626"/>
        <testcase name="It can set instance name" file="Label Resource (SamuelTerra22\LaravelEvolutionClient\Tests\Unit\Resources\LabelResource)::It can set instance name" class="SamuelTerra22\LaravelEvolutionClient\Tests\Unit\Resources\LabelResourceTest" classname="SamuelTerra22.LaravelEvolutionClient.Tests.Unit.Resources.LabelResourceTest" assertions="1" time="0.000314"/>
        <testcase name="It can get instance name" file="Label Resource (SamuelTerra22\LaravelEvolutionClient\Tests\Unit\Resources\LabelResource)::It can get instance name" class="SamuelTerra22\LaravelEvolutionClient\Tests\Unit\Resources\LabelResourceTest" classname="SamuelTerra22.LaravelEvolutionClient.Tests.Unit.Resources.LabelResourceTest" assertions="1" time="0.000356"/>
        <testcase name="It can find labels when empty" file="Label Resource (SamuelTerra22\LaravelEvolutionClient\Tests\Unit\Resources\LabelResource)::It can find labels when empty" class="SamuelTerra22\LaravelEvolutionClient\Tests\Unit\Resources\LabelResourceTest" classname="SamuelTerra22.LaravelEvolutionClient.Tests.Unit.Resources.LabelResourceTest" assertions="4" time="0.001030"/>
        <testcase name="It can add label with empty number" file="Label Resource (SamuelTerra22\LaravelEvolutionClient\Tests\Unit\Resources\LabelResource)::It can add label with empty number" class="SamuelTerra22\LaravelEvolutionClient\Tests\Unit\Resources\LabelResourceTest" classname="SamuelTerra22.LaravelEvolutionClient.Tests.Unit.Resources.LabelResourceTest" assertions="2" time="0.000598"/>
        <testcase name="It can remove label with formatted phone number" file="Label Resource (SamuelTerra22\LaravelEvolutionClient\Tests\Unit\Resources\LabelResource)::It can remove label with formatted phone number" class="SamuelTerra22\LaravelEvolutionClient\Tests\Unit\Resources\LabelResourceTest" classname="SamuelTerra22.LaravelEvolutionClient.Tests.Unit.Resources.LabelResourceTest" assertions="2" time="0.000410"/>
      </testsuite>
      <testsuite name="SamuelTerra22\LaravelEvolutionClient\Tests\Unit\EvolutionClientTest" file="Evolution Client (SamuelTerra22\LaravelEvolutionClient\Tests\Unit\EvolutionClient)" tests="2" assertions="2" errors="0" failures="0" skipped="0" time="0.077648">
        <testcase name="It can set instance name" file="Evolution Client (SamuelTerra22\LaravelEvolutionClient\Tests\Unit\EvolutionClient)::It can set instance name" class="SamuelTerra22\LaravelEvolutionClient\Tests\Unit\EvolutionClientTest" classname="SamuelTerra22.LaravelEvolutionClient.Tests.Unit.EvolutionClientTest" assertions="1" time="0.069093"/>
        <testcase name="It can be instantiated" file="Evolution Client (SamuelTerra22\LaravelEvolutionClient\Tests\Unit\EvolutionClient)::It can be instantiated" class="SamuelTerra22\LaravelEvolutionClient\Tests\Unit\EvolutionClientTest" classname="SamuelTerra22.LaravelEvolutionClient.Tests.Unit.EvolutionClientTest" assertions="1" time="0.008555"/>
      </testsuite>
      <testsuite name="SamuelTerra22\LaravelEvolutionClient\Tests\Unit\Models\MessageModelTest" file="Message Model (SamuelTerra22\LaravelEvolutionClient\Tests\Unit\Models\MessageModel)" tests="11" assertions="52" errors="0" failures="0" skipped="0" time="0.006954">
        <testcase name="It can create poll message" file="Message Model (SamuelTerra22\LaravelEvolutionClient\Tests\Unit\Models\MessageModel)::It can create poll message" class="SamuelTerra22\LaravelEvolutionClient\Tests\Unit\Models\MessageModelTest" classname="SamuelTerra22.LaravelEvolutionClient.Tests.Unit.Models.MessageModelTest" assertions="4" time="0.002460"/>
        <testcase name="It can create text message" file="Message Model (SamuelTerra22\LaravelEvolutionClient\Tests\Unit\Models\MessageModel)::It can create text message" class="SamuelTerra22\LaravelEvolutionClient\Tests\Unit\Models\MessageModelTest" classname="SamuelTerra22.LaravelEvolutionClient.Tests.Unit.Models.MessageModelTest" assertions="3" time="0.000369"/>
        <testcase name="It can create contact message" file="Message Model (SamuelTerra22\LaravelEvolutionClient\Tests\Unit\Models\MessageModel)::It can create contact message" class="SamuelTerra22\LaravelEvolutionClient\Tests\Unit\Models\MessageModelTest" classname="SamuelTerra22.LaravelEvolutionClient.Tests.Unit.Models.MessageModelTest" assertions="5" time="0.000507"/>
        <testcase name="It can create location message" file="Message Model (SamuelTerra22\LaravelEvolutionClient\Tests\Unit\Models\MessageModel)::It can create location message" class="SamuelTerra22\LaravelEvolutionClient\Tests\Unit\Models\MessageModelTest" classname="SamuelTerra22.LaravelEvolutionClient.Tests.Unit.Models.MessageModelTest" assertions="5" time="0.000401"/>
        <testcase name="It can create reaction message" file="Message Model (SamuelTerra22\LaravelEvolutionClient\Tests\Unit\Models\MessageModel)::It can create reaction message" class="SamuelTerra22\LaravelEvolutionClient\Tests\Unit\Models\MessageModelTest" classname="SamuelTerra22.LaravelEvolutionClient.Tests.Unit.Models.MessageModelTest" assertions="2" time="0.000331"/>
        <testcase name="It can create list message" file="Message Model (SamuelTerra22\LaravelEvolutionClient\Tests\Unit\Models\MessageModel)::It can create list message" class="SamuelTerra22\LaravelEvolutionClient\Tests\Unit\Models\MessageModelTest" classname="SamuelTerra22.LaravelEvolutionClient.Tests.Unit.Models.MessageModelTest" assertions="10" time="0.000994"/>
        <testcase name="It can create status message" file="Message Model (SamuelTerra22\LaravelEvolutionClient\Tests\Unit\Models\MessageModel)::It can create status message" class="SamuelTerra22\LaravelEvolutionClient\Tests\Unit\Models\MessageModelTest" classname="SamuelTerra22.LaravelEvolutionClient.Tests.Unit.Models.MessageModelTest" assertions="5" time="0.000427"/>
        <testcase name="It can create text message with optional parameters" file="Message Model (SamuelTerra22\LaravelEvolutionClient\Tests\Unit\Models\MessageModel)::It can create text message with optional parameters" class="SamuelTerra22\LaravelEvolutionClient\Tests\Unit\Models\MessageModelTest" classname="SamuelTerra22.LaravelEvolutionClient.Tests.Unit.Models.MessageModelTest" assertions="6" time="0.000341"/>
        <testcase name="It can create template message" file="Message Model (SamuelTerra22\LaravelEvolutionClient\Tests\Unit\Models\MessageModel)::It can create template message" class="SamuelTerra22\LaravelEvolutionClient\Tests\Unit\Models\MessageModelTest" classname="SamuelTerra22.LaravelEvolutionClient.Tests.Unit.Models.MessageModelTest" assertions="4" time="0.000478"/>
        <testcase name="It can create template message with webhook url" file="Message Model (SamuelTerra22\LaravelEvolutionClient\Tests\Unit\Models\MessageModel)::It can create template message with webhook url" class="SamuelTerra22\LaravelEvolutionClient\Tests\Unit\Models\MessageModelTest" classname="SamuelTerra22.LaravelEvolutionClient.Tests.Unit.Models.MessageModelTest" assertions="5" time="0.000299"/>
        <testcase name="It can create text message with quoted message" file="Message Model (SamuelTerra22\LaravelEvolutionClient\Tests\Unit\Models\MessageModel)::It can create text message with quoted message" class="SamuelTerra22\LaravelEvolutionClient\Tests\Unit\Models\MessageModelTest" classname="SamuelTerra22.LaravelEvolutionClient.Tests.Unit.Models.MessageModelTest" assertions="3" time="0.000348"/>
      </testsuite>
      <testsuite name="SamuelTerra22\LaravelEvolutionClient\Tests\Unit\Resources\ChatResourceTest" file="Chat Resource (SamuelTerra22\LaravelEvolutionClient\Tests\Unit\Resources\ChatResource)" tests="15" assertions="32" errors="0" failures="0" skipped="0" time="0.012278">
        <testcase name="It can get all chats" file="Chat Resource (SamuelTerra22\LaravelEvolutionClient\Tests\Unit\Resources\ChatResource)::It can get all chats" class="SamuelTerra22\LaravelEvolutionClient\Tests\Unit\Resources\ChatResourceTest" classname="SamuelTerra22.LaravelEvolutionClient.Tests.Unit.Resources.ChatResourceTest" assertions="3" time="0.006368"/>
        <testcase name="It can start typing" file="Chat Resource (SamuelTerra22\LaravelEvolutionClient\Tests\Unit\Resources\ChatResource)::It can start typing" class="SamuelTerra22\LaravelEvolutionClient\Tests\Unit\Resources\ChatResourceTest" classname="SamuelTerra22.LaravelEvolutionClient.Tests.Unit.Resources.ChatResourceTest" assertions="2" time="0.000447"/>
        <testcase name="It can get messages with custom count" file="Chat Resource (SamuelTerra22\LaravelEvolutionClient\Tests\Unit\Resources\ChatResource)::It can get messages with custom count" class="SamuelTerra22\LaravelEvolutionClient\Tests\Unit\Resources\ChatResourceTest" classname="SamuelTerra22.LaravelEvolutionClient.Tests.Unit.Resources.ChatResourceTest" assertions="3" time="0.000711"/>
        <testcase name="It can get chat messages" file="Chat Resource (SamuelTerra22\LaravelEvolutionClient\Tests\Unit\Resources\ChatResource)::It can get chat messages" class="SamuelTerra22\LaravelEvolutionClient\Tests\Unit\Resources\ChatResourceTest" classname="SamuelTerra22.LaravelEvolutionClient.Tests.Unit.Resources.ChatResourceTest" assertions="3" time="0.000663"/>
        <testcase name="It can get instance name" file="Chat Resource (SamuelTerra22\LaravelEvolutionClient\Tests\Unit\Resources\ChatResource)::It can get instance name" class="SamuelTerra22\LaravelEvolutionClient\Tests\Unit\Resources\ChatResourceTest" classname="SamuelTerra22.LaravelEvolutionClient.Tests.Unit.Resources.ChatResourceTest" assertions="1" time="0.000344"/>
        <testcase name="It can set instance name" file="Chat Resource (SamuelTerra22\LaravelEvolutionClient\Tests\Unit\Resources\ChatResource)::It can set instance name" class="SamuelTerra22\LaravelEvolutionClient\Tests\Unit\Resources\ChatResourceTest" classname="SamuelTerra22.LaravelEvolutionClient.Tests.Unit.Resources.ChatResourceTest" assertions="1" time="0.000308"/>
        <testcase name="It can delete chat" file="Chat Resource (SamuelTerra22\LaravelEvolutionClient\Tests\Unit\Resources\ChatResource)::It can delete chat" class="SamuelTerra22\LaravelEvolutionClient\Tests\Unit\Resources\ChatResourceTest" classname="SamuelTerra22.LaravelEvolutionClient.Tests.Unit.Resources.ChatResourceTest" assertions="2" time="0.000424"/>
        <testcase name="It can start typing with custom duration" file="Chat Resource (SamuelTerra22\LaravelEvolutionClient\Tests\Unit\Resources\ChatResource)::It can start typing with custom duration" class="SamuelTerra22\LaravelEvolutionClient\Tests\Unit\Resources\ChatResourceTest" classname="SamuelTerra22.LaravelEvolutionClient.Tests.Unit.Resources.ChatResourceTest" assertions="2" time="0.000361"/>
        <testcase name="It can find chat" file="Chat Resource (SamuelTerra22\LaravelEvolutionClient\Tests\Unit\Resources\ChatResource)::It can find chat" class="SamuelTerra22\LaravelEvolutionClient\Tests\Unit\Resources\ChatResourceTest" classname="SamuelTerra22.LaravelEvolutionClient.Tests.Unit.Resources.ChatResourceTest" assertions="2" time="0.000445"/>
        <testcase name="It can mark chat as read" file="Chat Resource (SamuelTerra22\LaravelEvolutionClient\Tests\Unit\Resources\ChatResource)::It can mark chat as read" class="SamuelTerra22\LaravelEvolutionClient\Tests\Unit\Resources\ChatResourceTest" classname="SamuelTerra22.LaravelEvolutionClient.Tests.Unit.Resources.ChatResourceTest" assertions="2" time="0.000352"/>
        <testcase name="It can unarchive chat" file="Chat Resource (SamuelTerra22\LaravelEvolutionClient\Tests\Unit\Resources\ChatResource)::It can unarchive chat" class="SamuelTerra22\LaravelEvolutionClient\Tests\Unit\Resources\ChatResourceTest" classname="SamuelTerra22.LaravelEvolutionClient.Tests.Unit.Resources.ChatResourceTest" assertions="2" time="0.000377"/>
        <testcase name="It can archive chat" file="Chat Resource (SamuelTerra22\LaravelEvolutionClient\Tests\Unit\Resources\ChatResource)::It can archive chat" class="SamuelTerra22\LaravelEvolutionClient\Tests\Unit\Resources\ChatResourceTest" classname="SamuelTerra22.LaravelEvolutionClient.Tests.Unit.Resources.ChatResourceTest" assertions="2" time="0.000408"/>
        <testcase name="It can clear chat messages" file="Chat Resource (SamuelTerra22\LaravelEvolutionClient\Tests\Unit\Resources\ChatResource)::It can clear chat messages" class="SamuelTerra22\LaravelEvolutionClient\Tests\Unit\Resources\ChatResourceTest" classname="SamuelTerra22.LaravelEvolutionClient.Tests.Unit.Resources.ChatResourceTest" assertions="2" time="0.000358"/>
        <testcase name="It formats phone number correctly" file="Chat Resource (SamuelTerra22\LaravelEvolutionClient\Tests\Unit\Resources\ChatResource)::It formats phone number correctly" class="SamuelTerra22\LaravelEvolutionClient\Tests\Unit\Resources\ChatResourceTest" classname="SamuelTerra22.LaravelEvolutionClient.Tests.Unit.Resources.ChatResourceTest" assertions="3" time="0.000360"/>
        <testcase name="It can stop typing" file="Chat Resource (SamuelTerra22\LaravelEvolutionClient\Tests\Unit\Resources\ChatResource)::It can stop typing" class="SamuelTerra22\LaravelEvolutionClient\Tests\Unit\Resources\ChatResourceTest" classname="SamuelTerra22.LaravelEvolutionClient.Tests.Unit.Resources.ChatResourceTest" assertions="2" time="0.000353"/>
      </testsuite>
      <testsuite name="SamuelTerra22\LaravelEvolutionClient\Tests\Unit\Resources\SettingsResourceTest" file="Settings Resource (SamuelTerra22\LaravelEvolutionClient\Tests\Unit\Resources\SettingsResource)" tests="2" assertions="4" errors="0" failures="0" skipped="0" time="0.008905">
        <testcase name="It can set settings" file="Settings Resource (SamuelTerra22\LaravelEvolutionClient\Tests\Unit\Resources\SettingsResource)::It can set settings" class="SamuelTerra22\LaravelEvolutionClient\Tests\Unit\Resources\SettingsResourceTest" classname="SamuelTerra22.LaravelEvolutionClient.Tests.Unit.Resources.SettingsResourceTest" assertions="2" time="0.008471"/>
        <testcase name="It can find settings" file="Settings Resource (SamuelTerra22\LaravelEvolutionClient\Tests\Unit\Resources\SettingsResource)::It can find settings" class="SamuelTerra22\LaravelEvolutionClient\Tests\Unit\Resources\SettingsResourceTest" classname="SamuelTerra22.LaravelEvolutionClient.Tests.Unit.Resources.SettingsResourceTest" assertions="2" time="0.000434"/>
      </testsuite>
      <testsuite name="SamuelTerra22\LaravelEvolutionClient\Tests\Unit\Resources\ProfileResourceTest" file="Profile Resource (SamuelTerra22\LaravelEvolutionClient\Tests\Unit\Resources\ProfileResource)" tests="8" assertions="16" errors="0" failures="0" skipped="0" time="0.005351">
        <testcase name="It can fetch business profile" file="Profile Resource (SamuelTerra22\LaravelEvolutionClient\Tests\Unit\Resources\ProfileResource)::It can fetch business profile" class="SamuelTerra22\LaravelEvolutionClient\Tests\Unit\Resources\ProfileResourceTest" classname="SamuelTerra22.LaravelEvolutionClient.Tests.Unit.Resources.ProfileResourceTest" assertions="2" time="0.002091"/>
        <testcase name="It can update profile picture" file="Profile Resource (SamuelTerra22\LaravelEvolutionClient\Tests\Unit\Resources\ProfileResource)::It can update profile picture" class="SamuelTerra22\LaravelEvolutionClient\Tests\Unit\Resources\ProfileResourceTest" classname="SamuelTerra22.LaravelEvolutionClient.Tests.Unit.Resources.ProfileResourceTest" assertions="2" time="0.000505"/>
        <testcase name="It can update profile status" file="Profile Resource (SamuelTerra22\LaravelEvolutionClient\Tests\Unit\Resources\ProfileResource)::It can update profile status" class="SamuelTerra22\LaravelEvolutionClient\Tests\Unit\Resources\ProfileResourceTest" classname="SamuelTerra22.LaravelEvolutionClient.Tests.Unit.Resources.ProfileResourceTest" assertions="2" time="0.000497"/>
        <testcase name="It can remove profile picture" file="Profile Resource (SamuelTerra22\LaravelEvolutionClient\Tests\Unit\Resources\ProfileResource)::It can remove profile picture" class="SamuelTerra22\LaravelEvolutionClient\Tests\Unit\Resources\ProfileResourceTest" classname="SamuelTerra22.LaravelEvolutionClient.Tests.Unit.Resources.ProfileResourceTest" assertions="2" time="0.000404"/>
        <testcase name="It can fetch profile" file="Profile Resource (SamuelTerra22\LaravelEvolutionClient\Tests\Unit\Resources\ProfileResource)::It can fetch profile" class="SamuelTerra22\LaravelEvolutionClient\Tests\Unit\Resources\ProfileResourceTest" classname="SamuelTerra22.LaravelEvolutionClient.Tests.Unit.Resources.ProfileResourceTest" assertions="2" time="0.000414"/>
        <testcase name="It can update profile name" file="Profile Resource (SamuelTerra22\LaravelEvolutionClient\Tests\Unit\Resources\ProfileResource)::It can update profile name" class="SamuelTerra22\LaravelEvolutionClient\Tests\Unit\Resources\ProfileResourceTest" classname="SamuelTerra22.LaravelEvolutionClient.Tests.Unit.Resources.ProfileResourceTest" assertions="2" time="0.000465"/>
        <testcase name="It can update privacy settings" file="Profile Resource (SamuelTerra22\LaravelEvolutionClient\Tests\Unit\Resources\ProfileResource)::It can update privacy settings" class="SamuelTerra22\LaravelEvolutionClient\Tests\Unit\Resources\ProfileResourceTest" classname="SamuelTerra22.LaravelEvolutionClient.Tests.Unit.Resources.ProfileResourceTest" assertions="2" time="0.000550"/>
        <testcase name="It can fetch privacy settings" file="Profile Resource (SamuelTerra22\LaravelEvolutionClient\Tests\Unit\Resources\ProfileResource)::It can fetch privacy settings" class="SamuelTerra22\LaravelEvolutionClient\Tests\Unit\Resources\ProfileResourceTest" classname="SamuelTerra22.LaravelEvolutionClient.Tests.Unit.Resources.ProfileResourceTest" assertions="2" time="0.000425"/>
      </testsuite>
      <testsuite name="SamuelTerra22\LaravelEvolutionClient\Tests\Unit\Resources\WebSocketResourceTest" file="Web Socket Resource (SamuelTerra22\LaravelEvolutionClient\Tests\Unit\Resources\WebSocketResource)" tests="3" assertions="5" errors="0" failures="0" skipped="0" time="0.005588">
        <testcase name="It can create websocket client" file="Web Socket Resource (SamuelTerra22\LaravelEvolutionClient\Tests\Unit\Resources\WebSocketResource)::It can create websocket client" class="SamuelTerra22\LaravelEvolutionClient\Tests\Unit\Resources\WebSocketResourceTest" classname="SamuelTerra22.LaravelEvolutionClient.Tests.Unit.Resources.WebSocketResourceTest" assertions="1" time="0.004651"/>
        <testcase name="It can find websocket config" file="Web Socket Resource (SamuelTerra22\LaravelEvolutionClient\Tests\Unit\Resources\WebSocketResource)::It can find websocket config" class="SamuelTerra22\LaravelEvolutionClient\Tests\Unit\Resources\WebSocketResourceTest" classname="SamuelTerra22.LaravelEvolutionClient.Tests.Unit.Resources.WebSocketResourceTest" assertions="2" time="0.000446"/>
        <testcase name="It can set websocket config" file="Web Socket Resource (SamuelTerra22\LaravelEvolutionClient\Tests\Unit\Resources\WebSocketResource)::It can set websocket config" class="SamuelTerra22\LaravelEvolutionClient\Tests\Unit\Resources\WebSocketResourceTest" classname="SamuelTerra22.LaravelEvolutionClient.Tests.Unit.Resources.WebSocketResourceTest" assertions="2" time="0.000491"/>
      </testsuite>
      <testsuite name="SamuelTerra22\LaravelEvolutionClient\Tests\Unit\Resources\MessageResourceTest" file="Message Resource (SamuelTerra22\LaravelEvolutionClient\Tests\Unit\Resources\MessageResource)" tests="12" assertions="23" errors="0" failures="0" skipped="0" time="0.007322">
        <testcase name="It can send poll message" file="Message Resource (SamuelTerra22\LaravelEvolutionClient\Tests\Unit\Resources\MessageResource)::It can send poll message" class="SamuelTerra22\LaravelEvolutionClient\Tests\Unit\Resources\MessageResourceTest" classname="SamuelTerra22.LaravelEvolutionClient.Tests.Unit.Resources.MessageResourceTest" assertions="2" time="0.002195"/>
        <testcase name="It can send list message" file="Message Resource (SamuelTerra22\LaravelEvolutionClient\Tests\Unit\Resources\MessageResource)::It can send list message" class="SamuelTerra22\LaravelEvolutionClient\Tests\Unit\Resources\MessageResourceTest" classname="SamuelTerra22.LaravelEvolutionClient.Tests.Unit.Resources.MessageResourceTest" assertions="2" time="0.000468"/>
        <testcase name="It validates message text when sending text" file="Message Resource (SamuelTerra22\LaravelEvolutionClient\Tests\Unit\Resources\MessageResource)::It validates message text when sending text" class="SamuelTerra22\LaravelEvolutionClient\Tests\Unit\Resources\MessageResourceTest" classname="SamuelTerra22.LaravelEvolutionClient.Tests.Unit.Resources.MessageResourceTest" assertions="1" time="0.000717"/>
        <testcase name="It can send template message" file="Message Resource (SamuelTerra22\LaravelEvolutionClient\Tests\Unit\Resources\MessageResource)::It can send template message" class="SamuelTerra22\LaravelEvolutionClient\Tests\Unit\Resources\MessageResourceTest" classname="SamuelTerra22.LaravelEvolutionClient.Tests.Unit.Resources.MessageResourceTest" assertions="2" time="0.000439"/>
        <testcase name="It can send location message" file="Message Resource (SamuelTerra22\LaravelEvolutionClient\Tests\Unit\Resources\MessageResource)::It can send location message" class="SamuelTerra22\LaravelEvolutionClient\Tests\Unit\Resources\MessageResourceTest" classname="SamuelTerra22.LaravelEvolutionClient.Tests.Unit.Resources.MessageResourceTest" assertions="2" time="0.000389"/>
        <testcase name="It can send audio message" file="Message Resource (SamuelTerra22\LaravelEvolutionClient\Tests\Unit\Resources\MessageResource)::It can send audio message" class="SamuelTerra22\LaravelEvolutionClient\Tests\Unit\Resources\MessageResourceTest" classname="SamuelTerra22.LaravelEvolutionClient.Tests.Unit.Resources.MessageResourceTest" assertions="2" time="0.000419"/>
        <testcase name="It can send sticker message" file="Message Resource (SamuelTerra22\LaravelEvolutionClient\Tests\Unit\Resources\MessageResource)::It can send sticker message" class="SamuelTerra22\LaravelEvolutionClient\Tests\Unit\Resources\MessageResourceTest" classname="SamuelTerra22.LaravelEvolutionClient.Tests.Unit.Resources.MessageResourceTest" assertions="2" time="0.000368"/>
        <testcase name="It formats phone number correctly" file="Message Resource (SamuelTerra22\LaravelEvolutionClient\Tests\Unit\Resources\MessageResource)::It formats phone number correctly" class="SamuelTerra22\LaravelEvolutionClient\Tests\Unit\Resources\MessageResourceTest" classname="SamuelTerra22.LaravelEvolutionClient.Tests.Unit.Resources.MessageResourceTest" assertions="2" time="0.000382"/>
        <testcase name="It validates phone number when sending text" file="Message Resource (SamuelTerra22\LaravelEvolutionClient\Tests\Unit\Resources\MessageResource)::It validates phone number when sending text" class="SamuelTerra22\LaravelEvolutionClient\Tests\Unit\Resources\MessageResourceTest" classname="SamuelTerra22.LaravelEvolutionClient.Tests.Unit.Resources.MessageResourceTest" assertions="1" time="0.000438"/>
        <testcase name="It can send buttons message" file="Message Resource (SamuelTerra22\LaravelEvolutionClient\Tests\Unit\Resources\MessageResource)::It can send buttons message" class="SamuelTerra22\LaravelEvolutionClient\Tests\Unit\Resources\MessageResourceTest" classname="SamuelTerra22.LaravelEvolutionClient.Tests.Unit.Resources.MessageResourceTest" assertions="2" time="0.000625"/>
        <testcase name="It can send contact message" file="Message Resource (SamuelTerra22\LaravelEvolutionClient\Tests\Unit\Resources\MessageResource)::It can send contact message" class="SamuelTerra22\LaravelEvolutionClient\Tests\Unit\Resources\MessageResourceTest" classname="SamuelTerra22.LaravelEvolutionClient.Tests.Unit.Resources.MessageResourceTest" assertions="2" time="0.000406"/>
        <testcase name="It can send text message" file="Message Resource (SamuelTerra22\LaravelEvolutionClient\Tests\Unit\Resources\MessageResource)::It can send text message" class="SamuelTerra22\LaravelEvolutionClient\Tests\Unit\Resources\MessageResourceTest" classname="SamuelTerra22.LaravelEvolutionClient.Tests.Unit.Resources.MessageResourceTest" assertions="3" time="0.000475"/>
      </testsuite>
      <testsuite name="SamuelTerra22\LaravelEvolutionClient\Tests\Unit\Resources\ProxyResourceTest" file="Proxy Resource (SamuelTerra22\LaravelEvolutionClient\Tests\Unit\Resources\ProxyResource)" tests="2" assertions="4" errors="0" failures="0" skipped="0" time="0.008375">
        <testcase name="It can set proxy" file="Proxy Resource (SamuelTerra22\LaravelEvolutionClient\Tests\Unit\Resources\ProxyResource)::It can set proxy" class="SamuelTerra22\LaravelEvolutionClient\Tests\Unit\Resources\ProxyResourceTest" classname="SamuelTerra22.LaravelEvolutionClient.Tests.Unit.Resources.ProxyResourceTest" assertions="2" time="0.007928"/>
        <testcase name="It can find proxy settings" file="Proxy Resource (SamuelTerra22\LaravelEvolutionClient\Tests\Unit\Resources\ProxyResource)::It can find proxy settings" class="SamuelTerra22\LaravelEvolutionClient\Tests\Unit\Resources\ProxyResourceTest" classname="SamuelTerra22.LaravelEvolutionClient.Tests.Unit.Resources.ProxyResourceTest" assertions="2" time="0.000447"/>
      </testsuite>
      <testsuite name="SamuelTerra22\LaravelEvolutionClient\Tests\Unit\EvolutionApiClientTest" file="Evolution Api Client (SamuelTerra22\LaravelEvolutionClient\Tests\Unit\EvolutionApiClient)" tests="4" assertions="24" errors="0" failures="0" skipped="0" time="0.032660">
        <testcase name="It can be instantiated" file="Evolution Api Client (SamuelTerra22\LaravelEvolutionClient\Tests\Unit\EvolutionApiClient)::It can be instantiated" class="SamuelTerra22\LaravelEvolutionClient\Tests\Unit\EvolutionApiClientTest" classname="SamuelTerra22.LaravelEvolutionClient.Tests.Unit.EvolutionApiClientTest" assertions="1" time="0.009727"/>
        <testcase name="It can set instance name" file="Evolution Api Client (SamuelTerra22\LaravelEvolutionClient\Tests\Unit\EvolutionApiClient)::It can set instance name" class="SamuelTerra22\LaravelEvolutionClient\Tests\Unit\EvolutionApiClientTest" classname="SamuelTerra22.LaravelEvolutionClient.Tests.Unit.EvolutionApiClientTest" assertions="1" time="0.007525"/>
        <testcase name="It provides access to all resources" file="Evolution Api Client (SamuelTerra22\LaravelEvolutionClient\Tests\Unit\EvolutionApiClient)::It provides access to all resources" class="SamuelTerra22\LaravelEvolutionClient\Tests\Unit\EvolutionApiClientTest" classname="SamuelTerra22.LaravelEvolutionClient.Tests.Unit.EvolutionApiClientTest" assertions="11" time="0.007668"/>
        <testcase name="It updates instance name in all resources" file="Evolution Api Client (SamuelTerra22\LaravelEvolutionClient\Tests\Unit\EvolutionApiClient)::It updates instance name in all resources" class="SamuelTerra22\LaravelEvolutionClient\Tests\Unit\EvolutionApiClientTest" classname="SamuelTerra22.LaravelEvolutionClient.Tests.Unit.EvolutionApiClientTest" assertions="11" time="0.007740"/>
      </testsuite>
      <testsuite name="SamuelTerra22\LaravelEvolutionClient\Tests\Unit\Resources\GroupResourceTest" file="Group Resource (SamuelTerra22\LaravelEvolutionClient\Tests\Unit\Resources\GroupResource)" tests="19" assertions="39" errors="0" failures="0" skipped="0" time="0.013027">
        <testcase name="It can create group with single participant" file="Group Resource (SamuelTerra22\LaravelEvolutionClient\Tests\Unit\Resources\GroupResource)::It can create group with single participant" class="SamuelTerra22\LaravelEvolutionClient\Tests\Unit\Resources\GroupResourceTest" classname="SamuelTerra22.LaravelEvolutionClient.Tests.Unit.Resources.GroupResourceTest" assertions="2" time="0.004892"/>
        <testcase name="It can create group with empty participants" file="Group Resource (SamuelTerra22\LaravelEvolutionClient\Tests\Unit\Resources\GroupResource)::It can create group with empty participants" class="SamuelTerra22\LaravelEvolutionClient\Tests\Unit\Resources\GroupResourceTest" classname="SamuelTerra22.LaravelEvolutionClient.Tests.Unit.Resources.GroupResourceTest" assertions="2" time="0.000751"/>
        <testcase name="It formats phone numbers for participants" file="Group Resource (SamuelTerra22\LaravelEvolutionClient\Tests\Unit\Resources\GroupResource)::It formats phone numbers for participants" class="SamuelTerra22\LaravelEvolutionClient\Tests\Unit\Resources\GroupResourceTest" classname="SamuelTerra22.LaravelEvolutionClient.Tests.Unit.Resources.GroupResourceTest" assertions="2" time="0.000797"/>
        <testcase name="It can get group invite code" file="Group Resource (SamuelTerra22\LaravelEvolutionClient\Tests\Unit\Resources\GroupResource)::It can get group invite code" class="SamuelTerra22\LaravelEvolutionClient\Tests\Unit\Resources\GroupResourceTest" classname="SamuelTerra22.LaravelEvolutionClient.Tests.Unit.Resources.GroupResourceTest" assertions="4" time="0.000565"/>
        <testcase name="It can get all groups" file="Group Resource (SamuelTerra22\LaravelEvolutionClient\Tests\Unit\Resources\GroupResource)::It can get all groups" class="SamuelTerra22\LaravelEvolutionClient\Tests\Unit\Resources\GroupResourceTest" classname="SamuelTerra22.LaravelEvolutionClient.Tests.Unit.Resources.GroupResourceTest" assertions="3" time="0.000529"/>
        <testcase name="It can remove single participant" file="Group Resource (SamuelTerra22\LaravelEvolutionClient\Tests\Unit\Resources\GroupResource)::It can remove single participant" class="SamuelTerra22\LaravelEvolutionClient\Tests\Unit\Resources\GroupResourceTest" classname="SamuelTerra22.LaravelEvolutionClient.Tests.Unit.Resources.GroupResourceTest" assertions="2" time="0.000417"/>
        <testcase name="It can create group" file="Group Resource (SamuelTerra22\LaravelEvolutionClient\Tests\Unit\Resources\GroupResource)::It can create group" class="SamuelTerra22\LaravelEvolutionClient\Tests\Unit\Resources\GroupResourceTest" classname="SamuelTerra22.LaravelEvolutionClient.Tests.Unit.Resources.GroupResourceTest" assertions="2" time="0.000424"/>
        <testcase name="It can update group subject" file="Group Resource (SamuelTerra22\LaravelEvolutionClient\Tests\Unit\Resources\GroupResource)::It can update group subject" class="SamuelTerra22\LaravelEvolutionClient\Tests\Unit\Resources\GroupResourceTest" classname="SamuelTerra22.LaravelEvolutionClient.Tests.Unit.Resources.GroupResourceTest" assertions="2" time="0.000395"/>
        <testcase name="It can leave group" file="Group Resource (SamuelTerra22\LaravelEvolutionClient\Tests\Unit\Resources\GroupResource)::It can leave group" class="SamuelTerra22\LaravelEvolutionClient\Tests\Unit\Resources\GroupResourceTest" classname="SamuelTerra22.LaravelEvolutionClient.Tests.Unit.Resources.GroupResourceTest" assertions="2" time="0.000403"/>
        <testcase name="It can update group description" file="Group Resource (SamuelTerra22\LaravelEvolutionClient\Tests\Unit\Resources\GroupResource)::It can update group description" class="SamuelTerra22\LaravelEvolutionClient\Tests\Unit\Resources\GroupResourceTest" classname="SamuelTerra22.LaravelEvolutionClient.Tests.Unit.Resources.GroupResourceTest" assertions="2" time="0.000384"/>
        <testcase name="It can find group" file="Group Resource (SamuelTerra22\LaravelEvolutionClient\Tests\Unit\Resources\GroupResource)::It can find group" class="SamuelTerra22\LaravelEvolutionClient\Tests\Unit\Resources\GroupResourceTest" classname="SamuelTerra22.LaravelEvolutionClient.Tests.Unit.Resources.GroupResourceTest" assertions="2" time="0.000437"/>
        <testcase name="It can add participants" file="Group Resource (SamuelTerra22\LaravelEvolutionClient\Tests\Unit\Resources\GroupResource)::It can add participants" class="SamuelTerra22\LaravelEvolutionClient\Tests\Unit\Resources\GroupResourceTest" classname="SamuelTerra22.LaravelEvolutionClient.Tests.Unit.Resources.GroupResourceTest" assertions="2" time="0.000394"/>
        <testcase name="It can promote participant to admin" file="Group Resource (SamuelTerra22\LaravelEvolutionClient\Tests\Unit\Resources\GroupResource)::It can promote participant to admin" class="SamuelTerra22\LaravelEvolutionClient\Tests\Unit\Resources\GroupResourceTest" classname="SamuelTerra22.LaravelEvolutionClient.Tests.Unit.Resources.GroupResourceTest" assertions="2" time="0.000395"/>
        <testcase name="It can join group with invite code" file="Group Resource (SamuelTerra22\LaravelEvolutionClient\Tests\Unit\Resources\GroupResource)::It can join group with invite code" class="SamuelTerra22\LaravelEvolutionClient\Tests\Unit\Resources\GroupResourceTest" classname="SamuelTerra22.LaravelEvolutionClient.Tests.Unit.Resources.GroupResourceTest" assertions="2" time="0.000388"/>
        <testcase name="It can remove participants" file="Group Resource (SamuelTerra22\LaravelEvolutionClient\Tests\Unit\Resources\GroupResource)::It can remove participants" class="SamuelTerra22\LaravelEvolutionClient\Tests\Unit\Resources\GroupResourceTest" classname="SamuelTerra22.LaravelEvolutionClient.Tests.Unit.Resources.GroupResourceTest" assertions="2" time="0.000391"/>
        <testcase name="It can get instance name" file="Group Resource (SamuelTerra22\LaravelEvolutionClient\Tests\Unit\Resources\GroupResource)::It can get instance name" class="SamuelTerra22\LaravelEvolutionClient\Tests\Unit\Resources\GroupResourceTest" classname="SamuelTerra22.LaravelEvolutionClient.Tests.Unit.Resources.GroupResourceTest" assertions="1" time="0.000350"/>
        <testcase name="It can demote participant from admin" file="Group Resource (SamuelTerra22\LaravelEvolutionClient\Tests\Unit\Resources\GroupResource)::It can demote participant from admin" class="SamuelTerra22\LaravelEvolutionClient\Tests\Unit\Resources\GroupResourceTest" classname="SamuelTerra22.LaravelEvolutionClient.Tests.Unit.Resources.GroupResourceTest" assertions="2" time="0.000382"/>
        <testcase name="It can add single participant" file="Group Resource (SamuelTerra22\LaravelEvolutionClient\Tests\Unit\Resources\GroupResource)::It can add single participant" class="SamuelTerra22\LaravelEvolutionClient\Tests\Unit\Resources\GroupResourceTest" classname="SamuelTerra22.LaravelEvolutionClient.Tests.Unit.Resources.GroupResourceTest" assertions="2" time="0.000408"/>
        <testcase name="It can set instance name" file="Group Resource (SamuelTerra22\LaravelEvolutionClient\Tests\Unit\Resources\GroupResource)::It can set instance name" class="SamuelTerra22\LaravelEvolutionClient\Tests\Unit\Resources\GroupResourceTest" classname="SamuelTerra22.LaravelEvolutionClient.Tests.Unit.Resources.GroupResourceTest" assertions="1" time="0.000322"/>
      </testsuite>
      <testsuite name="SamuelTerra22\LaravelEvolutionClient\Tests\Unit\Resources\CallResourceTest" file="Call Resource (SamuelTerra22\LaravelEvolutionClient\Tests\Unit\Resources\CallResource)" tests="10" assertions="18" errors="0" failures="0" skipped="0" time="0.013370">
        <testcase name="It can make fake call with default parameters" file="Call Resource (SamuelTerra22\LaravelEvolutionClient\Tests\Unit\Resources\CallResource)::It can make fake call with default parameters" class="SamuelTerra22\LaravelEvolutionClient\Tests\Unit\Resources\CallResourceTest" classname="SamuelTerra22.LaravelEvolutionClient.Tests.Unit.Resources.CallResourceTest" assertions="2" time="0.010426"/>
        <testcase name="It can make fake call with formatted number" file="Call Resource (SamuelTerra22\LaravelEvolutionClient\Tests\Unit\Resources\CallResource)::It can make fake call with formatted number" class="SamuelTerra22\LaravelEvolutionClient\Tests\Unit\Resources\CallResourceTest" classname="SamuelTerra22.LaravelEvolutionClient.Tests.Unit.Resources.CallResourceTest" assertions="2" time="0.000386"/>
        <testcase name="It can make fake call with custom duration" file="Call Resource (SamuelTerra22\LaravelEvolutionClient\Tests\Unit\Resources\CallResource)::It can make fake call with custom duration" class="SamuelTerra22\LaravelEvolutionClient\Tests\Unit\Resources\CallResourceTest" classname="SamuelTerra22.LaravelEvolutionClient.Tests.Unit.Resources.CallResourceTest" assertions="2" time="0.000344"/>
        <testcase name="It can set instance name" file="Call Resource (SamuelTerra22\LaravelEvolutionClient\Tests\Unit\Resources\CallResource)::It can set instance name" class="SamuelTerra22\LaravelEvolutionClient\Tests\Unit\Resources\CallResourceTest" classname="SamuelTerra22.LaravelEvolutionClient.Tests.Unit.Resources.CallResourceTest" assertions="1" time="0.000285"/>
        <testcase name="It can make fake call with zero duration" file="Call Resource (SamuelTerra22\LaravelEvolutionClient\Tests\Unit\Resources\CallResource)::It can make fake call with zero duration" class="SamuelTerra22\LaravelEvolutionClient\Tests\Unit\Resources\CallResourceTest" classname="SamuelTerra22.LaravelEvolutionClient.Tests.Unit.Resources.CallResourceTest" assertions="2" time="0.000349"/>
        <testcase name="It can make fake call with empty number" file="Call Resource (SamuelTerra22\LaravelEvolutionClient\Tests\Unit\Resources\CallResource)::It can make fake call with empty number" class="SamuelTerra22\LaravelEvolutionClient\Tests\Unit\Resources\CallResourceTest" classname="SamuelTerra22.LaravelEvolutionClient.Tests.Unit.Resources.CallResourceTest" assertions="2" time="0.000325"/>
        <testcase name="It can make fake voice call" file="Call Resource (SamuelTerra22\LaravelEvolutionClient\Tests\Unit\Resources\CallResource)::It can make fake voice call" class="SamuelTerra22\LaravelEvolutionClient\Tests\Unit\Resources\CallResourceTest" classname="SamuelTerra22.LaravelEvolutionClient.Tests.Unit.Resources.CallResourceTest" assertions="2" time="0.000335"/>
        <testcase name="It can get instance name" file="Call Resource (SamuelTerra22\LaravelEvolutionClient\Tests\Unit\Resources\CallResource)::It can get instance name" class="SamuelTerra22\LaravelEvolutionClient\Tests\Unit\Resources\CallResourceTest" classname="SamuelTerra22.LaravelEvolutionClient.Tests.Unit.Resources.CallResourceTest" assertions="1" time="0.000269"/>
        <testcase name="It can make fake video call" file="Call Resource (SamuelTerra22\LaravelEvolutionClient\Tests\Unit\Resources\CallResource)::It can make fake video call" class="SamuelTerra22\LaravelEvolutionClient\Tests\Unit\Resources\CallResourceTest" classname="SamuelTerra22.LaravelEvolutionClient.Tests.Unit.Resources.CallResourceTest" assertions="2" time="0.000317"/>
        <testcase name="It can make fake call with international number" file="Call Resource (SamuelTerra22\LaravelEvolutionClient\Tests\Unit\Resources\CallResource)::It can make fake call with international number" class="SamuelTerra22\LaravelEvolutionClient\Tests\Unit\Resources\CallResourceTest" classname="SamuelTerra22.LaravelEvolutionClient.Tests.Unit.Resources.CallResourceTest" assertions="2" time="0.000334"/>
      </testsuite>
      <testsuite name="SamuelTerra22\LaravelEvolutionClient\Tests\Unit\Services\WebSocketClientTest" file="Web Socket Client (SamuelTerra22\LaravelEvolutionClient\Tests\Unit\Services\WebSocketClient)" tests="3" assertions="11" errors="0" failures="0" skipped="0" time="0.007198">
        <testcase name="It can be instantiated" file="Web Socket Client (SamuelTerra22\LaravelEvolutionClient\Tests\Unit\Services\WebSocketClient)::It can be instantiated" class="SamuelTerra22\LaravelEvolutionClient\Tests\Unit\Services\WebSocketClientTest" classname="SamuelTerra22.LaravelEvolutionClient.Tests.Unit.Services.WebSocketClientTest" assertions="3" time="0.006570"/>
        <testcase name="It can register multiple event handlers" file="Web Socket Client (SamuelTerra22\LaravelEvolutionClient\Tests\Unit\Services\WebSocketClient)::It can register multiple event handlers" class="SamuelTerra22\LaravelEvolutionClient\Tests\Unit\Services\WebSocketClientTest" classname="SamuelTerra22.LaravelEvolutionClient.Tests.Unit.Services.WebSocketClientTest" assertions="5" time="0.000370"/>
        <testcase name="It can register event handlers" file="Web Socket Client (SamuelTerra22\LaravelEvolutionClient\Tests\Unit\Services\WebSocketClient)::It can register event handlers" class="SamuelTerra22\LaravelEvolutionClient\Tests\Unit\Services\WebSocketClientTest" classname="SamuelTerra22.LaravelEvolutionClient.Tests.Unit.Services.WebSocketClientTest" assertions="3" time="0.000257"/>
      </testsuite>
    </testsuite>
    <testsuite name="Evolution Laravel Client Feature Tests" tests="5" assertions="18" errors="0" failures="0" skipped="0" time="0.069588">
      <testsuite name="SamuelTerra22\LaravelEvolutionClient\Tests\Feature\EvolutionServiceProviderTest" file="Evolution Service Provider (SamuelTerra22\LaravelEvolutionClient\Tests\Feature\EvolutionServiceProvider)" tests="5" assertions="18" errors="0" failures="0" skipped="0" time="0.069588">
        <testcase name="It publishes the config" file="Evolution Service Provider (SamuelTerra22\LaravelEvolutionClient\Tests\Feature\EvolutionServiceProvider)::It publishes the config" class="SamuelTerra22\LaravelEvolutionClient\Tests\Feature\EvolutionServiceProviderTest" classname="SamuelTerra22.LaravelEvolutionClient.Tests.Feature.EvolutionServiceProviderTest" assertions="1" time="0.038888"/>
        <testcase name="The facade works" file="Evolution Service Provider (SamuelTerra22\LaravelEvolutionClient\Tests\Feature\EvolutionServiceProvider)::The facade works" class="SamuelTerra22\LaravelEvolutionClient\Tests\Feature\EvolutionServiceProviderTest" classname="SamuelTerra22.LaravelEvolutionClient.Tests.Feature.EvolutionServiceProviderTest" assertions="1" time="0.007975"/>
        <testcase name="It loads the config" file="Evolution Service Provider (SamuelTerra22\LaravelEvolutionClient\Tests\Feature\EvolutionServiceProvider)::It loads the config" class="SamuelTerra22\LaravelEvolutionClient\Tests\Feature\EvolutionServiceProviderTest" classname="SamuelTerra22.LaravelEvolutionClient.Tests.Feature.EvolutionServiceProviderTest" assertions="3" time="0.007536"/>
        <testcase name="It registers the service" file="Evolution Service Provider (SamuelTerra22\LaravelEvolutionClient\Tests\Feature\EvolutionServiceProvider)::It registers the service" class="SamuelTerra22\LaravelEvolutionClient\Tests\Feature\EvolutionServiceProviderTest" classname="SamuelTerra22.LaravelEvolutionClient.Tests.Feature.EvolutionServiceProviderTest" assertions="2" time="0.007539"/>
        <testcase name="The facade provides access to all resources" file="Evolution Service Provider (SamuelTerra22\LaravelEvolutionClient\Tests\Feature\EvolutionServiceProvider)::The facade provides access to all resources" class="SamuelTerra22\LaravelEvolutionClient\Tests\Feature\EvolutionServiceProviderTest" classname="SamuelTerra22.LaravelEvolutionClient.Tests.Feature.EvolutionServiceProviderTest" assertions="11" time="0.007651"/>
      </testsuite>
    </testsuite>
  </testsuite>
</testsuites>
